<?xml version="1.0" encoding="UTF-8" ?>
<testsuite tests="6" failures="0" name="com.cmad.blog.rs.BlogTest" time="0.142" errors="0" skipped="0">
  <properties>
[...]
</properties>
  <testcase classname="com.cmad.blog.rs.BlogTest" name="testAddPost" time="0.007"/>
  <testcase classname="com.cmad.blog.rs.BlogTest" name="testAddUser" time="0.001"/>
  <testcase classname="com.cmad.blog.rs.BlogTest" name="testgetAllComments" time="0"/>
  <testcase classname="com.cmad.blog.rs.BlogTest" name="testaddComments" time="0"/>
  <testcase classname="com.cmad.blog.rs.BlogTest" name="testGetUserWithEmail" time="0.133"/>
  <testcase classname="com.cmad.blog.rs.BlogTest" name="testgetAllPosts" time="0.001"/>
</testsuite>